# JRE version: Java(TM) SE Runtime Environment (8.0_121-b13) (build 1.8.0_121-b13)
# Java VM: Java HotSpot(TM) 64-Bit Server VM (25.121-b13 mixed mode linux-amd64 compressed oops)
Heap:
 PSYoungGen      total 268288K, used 14317K [0x00000000d6d80000, 0x00000000e8180000, 0x0000000100000000)
  eden space 253952K, 0% used [0x00000000d6d80000,0x00000000d6d80000,0x00000000e6580000)
  from space 14336K, 99% used [0x00000000e6580000,0x00000000e737b550,0x00000000e7380000)
  to   space 13824K, 0% used [0x00000000e7400000,0x00000000e7400000,0x00000000e8180000)
 ParOldGen       total 63488K, used 34440K [0x0000000084800000, 0x0000000088600000, 0x00000000d6d80000)
  object space 63488K, 54% used [0x0000000084800000,0x00000000869a20d0,0x0000000088600000)
 Metaspace       used 32795K, capacity 33788K, committed 33968K, reserved 1079296K
  class space    used 3950K, capacity 4217K, committed 4272K, reserved 1048576K
GC Heap History (10 events):
Event: 1,708 GC heap after
Heap after GC invocations=3 (full 0):
 PSYoungGen      total 68608K, used 5088K [0x00000000d6d80000, 0x00000000df380000, 0x0000000100000000)
  eden space 63488K, 0% used [0x00000000d6d80000,0x00000000d6d80000,0x00000000dab80000)
  from space 5120K, 99% used [0x00000000dab80000,0x00000000db078040,0x00000000db080000)
  to   space 5120K, 0% used [0x00000000dee80000,0x00000000dee80000,0x00000000df380000)
 ParOldGen       total 84992K, used 5210K [0x0000000084800000, 0x0000000089b00000, 0x00000000d6d80000)
  object space 84992K, 6% used [0x0000000084800000,0x0000000084d16b58,0x0000000089b00000)
 Metaspace       used 16168K, capacity 16422K, committed 16640K, reserved 1064960K
  class space    used 1955K, capacity 2048K, committed 2048K, reserved 1048576K
}
Event: 2,307 GC heap before
{Heap before GC invocations=4 (full 0):
 PSYoungGen      total 68608K, used 68576K [0x00000000d6d80000, 0x00000000df380000, 0x0000000100000000)
  eden space 63488K, 100% used [0x00000000d6d80000,0x00000000dab80000,0x00000000dab80000)
  from space 5120K, 99% used [0x00000000dab80000,0x00000000db078040,0x00000000db080000)
  to   space 5120K, 0% used [0x00000000dee80000,0x00000000dee80000,0x00000000df380000)
 ParOldGen       total 84992K, used 5210K [0x0000000084800000, 0x0000000089b00000, 0x00000000d6d80000)
  object space 84992K, 6% used [0x0000000084800000,0x0000000084d16b58,0x0000000089b00000)
 Metaspace       used 16548K, capacity 16786K, committed 17024K, reserved 1064960K
  class space    used 1971K, capacity 2082K, committed 2176K, reserved 1048576K
Event: 2,326 GC heap after
Heap after GC invocations=4 (full 0):
 PSYoungGen      total 132096K, used 5104K [0x00000000d6d80000, 0x00000000df380000, 0x0000000100000000)
  eden space 126976K, 0% used [0x00000000d6d80000,0x00000000d6d80000,0x00000000de980000)
  from space 5120K, 99% used [0x00000000dee80000,0x00000000df37c010,0x00000000df380000)
  to   space 5120K, 0% used [0x00000000de980000,0x00000000de980000,0x00000000dee80000)
 ParOldGen       total 84992K, used 9747K [0x0000000084800000, 0x0000000089b00000, 0x00000000d6d80000)
  object space 84992K, 11% used [0x0000000084800000,0x0000000085184f18,0x0000000089b00000)
 Metaspace       used 16548K, capacity 16786K, committed 17024K, reserved 1064960K
  class space    used 1971K, capacity 2082K, committed 2176K, reserved 1048576K
}
Event: 3,508 GC heap before
{Heap before GC invocations=5 (full 0):
 PSYoungGen      total 132096K, used 132080K [0x00000000d6d80000, 0x00000000df380000, 0x0000000100000000)
  eden space 126976K, 100% used [0x00000000d6d80000,0x00000000de980000,0x00000000de980000)
  from space 5120K, 99% used [0x00000000dee80000,0x00000000df37c010,0x00000000df380000)
  to   space 5120K, 0% used [0x00000000de980000,0x00000000de980000,0x00000000dee80000)
 ParOldGen       total 84992K, used 9747K [0x0000000084800000, 0x0000000089b00000, 0x00000000d6d80000)
  object space 84992K, 11% used [0x0000000084800000,0x0000000085184f18,0x0000000089b00000)
 Metaspace       used 20353K, capacity 20930K, committed 20992K, reserved 1067008K
  class space    used 2406K, capacity 2540K, committed 2560K, reserved 1048576K
Event: 3,536 GC heap after
Heap after GC invocations=5 (full 0):
 PSYoungGen      total 132096K, used 5120K [0x00000000d6d80000, 0x00000000e8280000, 0x0000000100000000)
  eden space 126976K, 0% used [0x00000000d6d80000,0x00000000d6d80000,0x00000000de980000)
  from space 5120K, 100% used [0x00000000de980000,0x00000000dee80000,0x00000000dee80000)
  to   space 14848K, 0% used [0x00000000e7400000,0x00000000e7400000,0x00000000e8280000)
 ParOldGen       total 84992K, used 18225K [0x0000000084800000, 0x0000000089b00000, 0x00000000d6d80000)
  object space 84992K, 21% used [0x0000000084800000,0x00000000859cc638,0x0000000089b00000)
 Metaspace       used 20353K, capacity 20930K, committed 20992K, reserved 1067008K
  class space    used 2406K, capacity 2540K, committed 2560K, reserved 1048576K
}
Event: 3,566 GC heap before
{Heap before GC invocations=6 (full 0):
 PSYoungGen      total 132096K, used 7754K [0x00000000d6d80000, 0x00000000e8280000, 0x0000000100000000)
  eden space 126976K, 2% used [0x00000000d6d80000,0x00000000d7012920,0x00000000de980000)
  from space 5120K, 100% used [0x00000000de980000,0x00000000dee80000,0x00000000dee80000)
  to   space 14848K, 0% used [0x00000000e7400000,0x00000000e7400000,0x00000000e8280000)
 ParOldGen       total 84992K, used 18225K [0x0000000084800000, 0x0000000089b00000, 0x00000000d6d80000)
  object space 84992K, 21% used [0x0000000084800000,0x00000000859cc638,0x0000000089b00000)
 Metaspace       used 20744K, capacity 21250K, committed 21296K, reserved 1069056K
  class space    used 2478K, capacity 2604K, committed 2608K, reserved 1048576K
Event: 3,579 GC heap after
Heap after GC invocations=6 (full 0):
 PSYoungGen      total 267776K, used 5328K [0x00000000d6d80000, 0x00000000e8180000, 0x0000000100000000)
  eden space 253952K, 0% used [0x00000000d6d80000,0x00000000d6d80000,0x00000000e6580000)
  from space 13824K, 38% used [0x00000000e7400000,0x00000000e7934010,0x00000000e8180000)
  to   space 14336K, 0% used [0x00000000e6580000,0x00000000e6580000,0x00000000e7380000)
 ParOldGen       total 84992K, used 18225K [0x0000000084800000, 0x0000000089b00000, 0x00000000d6d80000)
  object space 84992K, 21% used [0x0000000084800000,0x00000000859cc638,0x0000000089b00000)
 Metaspace       used 20744K, capacity 21250K, committed 21296K, reserved 1069056K
  class space    used 2478K, capacity 2604K, committed 2608K, reserved 1048576K
}
Event: 3,579 GC heap before
{Heap before GC invocations=7 (full 1):
 PSYoungGen      total 267776K, used 5328K [0x00000000d6d80000, 0x00000000e8180000, 0x0000000100000000)
  eden space 253952K, 0% used [0x00000000d6d80000,0x00000000d6d80000,0x00000000e6580000)
  from space 13824K, 38% used [0x00000000e7400000,0x00000000e7934010,0x00000000e8180000)
  to   space 14336K, 0% used [0x00000000e6580000,0x00000000e6580000,0x00000000e7380000)
 ParOldGen       total 84992K, used 18225K [0x0000000084800000, 0x0000000089b00000, 0x00000000d6d80000)
  object space 84992K, 21% used [0x0000000084800000,0x00000000859cc638,0x0000000089b00000)
 Metaspace       used 20744K, capacity 21250K, committed 21296K, reserved 1069056K
  class space    used 2478K, capacity 2604K, committed 2608K, reserved 1048576K
Event: 3,641 GC heap after
Heap after GC invocations=7 (full 1):
 PSYoungGen      total 267776K, used 0K [0x00000000d6d80000, 0x00000000e8180000, 0x0000000100000000)
  eden space 253952K, 0% used [0x00000000d6d80000,0x00000000d6d80000,0x00000000e6580000)
  from space 13824K, 0% used [0x00000000e7400000,0x00000000e7400000,0x00000000e8180000)
  to   space 14336K, 0% used [0x00000000e6580000,0x00000000e6580000,0x00000000e7380000)
 ParOldGen       total 63488K, used 17384K [0x0000000084800000, 0x0000000088600000, 0x00000000d6d80000)
  object space 63488K, 27% used [0x0000000084800000,0x00000000858fa198,0x0000000088600000)
 Metaspace       used 20744K, capacity 21250K, committed 21296K, reserved 1069056K
  class space    used 2478K, capacity 2604K, committed 2608K, reserved 1048576K
}
Event: 14,317 GC heap before
{Heap before GC invocations=8 (full 1):
 PSYoungGen      total 267776K, used 253952K [0x00000000d6d80000, 0x00000000e8180000, 0x0000000100000000)
  eden space 253952K, 100% used [0x00000000d6d80000,0x00000000e6580000,0x00000000e6580000)
  from space 13824K, 0% used [0x00000000e7400000,0x00000000e7400000,0x00000000e8180000)
  to   space 14336K, 0% used [0x00000000e6580000,0x00000000e6580000,0x00000000e7380000)
 ParOldGen       total 63488K, used 17384K [0x0000000084800000, 0x0000000088600000, 0x00000000d6d80000)
  object space 63488K, 27% used [0x0000000084800000,0x00000000858fa198,0x0000000088600000)
 Metaspace       used 32795K, capacity 33788K, committed 33968K, reserved 1079296K
  class space    used 3950K, capacity 4217K, committed 4272K, reserved 1048576K

